Build started 1/24/2016 11:17:30 PM.
     1>Project "D:\Codes\openGL\Advanced_Lighting\Project\ShadowMapping\ShadowMapping.vcxproj" on node 2 (Build target(s)).
     1>ClCompile:
         C:\Program Files (x86)\Microsoft Visual Studio 11.0\VC\bin\CL.exe /c /ZI /nologo /W3 /WX- /Od /Oy- /D WIN32 /D _DEBUG /D _CONSOLE /D _UNICODE /D UNICODE /Gm /EHsc /RTC1 /MDd /GS /fp:precise /Zc:wchar_t /Zc:forScope /Fo"Debug\\" /Fd"Debug\vc110.pdb" /Gd /TP /analyze- /errorReport:prompt DeferredShading.cpp ShadowMapping.cpp
         ShadowMapping.cpp
     1>d:\codes\opengl\advanced_lighting\project\shadowmapping\shadowmapping.cpp(123): warning C4244: 'argument' : conversion from 'const GLfloat' to 'GLsizei', possible loss of data
     1>d:\codes\opengl\advanced_lighting\project\shadowmapping\shadowmapping.cpp(147): warning C4244: 'initializing' : conversion from 'double' to 'GLfloat', possible loss of data
     1>d:\codes\opengl\advanced_lighting\project\shadowmapping\shadowmapping.cpp(157): warning C4996: '_snprintf': This function or variable may be unsafe. Consider using _snprintf_s instead. To disable deprecation, use _CRT_SECURE_NO_WARNINGS. See online help for details.
                 c:\program files (x86)\microsoft visual studio 11.0\vc\include\stdio.h(349) : see declaration of '_snprintf'
     1>d:\codes\opengl\advanced_lighting\project\shadowmapping\shadowmapping.cpp(179): warning C4244: 'argument' : conversion from 'const GLfloat' to 'GLsizei', possible loss of data
     1>d:\codes\opengl\advanced_lighting\project\shadowmapping\shadowmapping.cpp(423): warning C4244: '=' : conversion from 'double' to 'GLfloat', possible loss of data
     1>d:\codes\opengl\advanced_lighting\project\shadowmapping\shadowmapping.cpp(424): warning C4244: '=' : conversion from 'double' to 'GLfloat', possible loss of data
     1>d:\codes\opengl\advanced_lighting\project\shadowmapping\shadowmapping.cpp(428): warning C4244: 'initializing' : conversion from 'double' to 'GLfloat', possible loss of data
     1>d:\codes\opengl\advanced_lighting\project\shadowmapping\shadowmapping.cpp(429): warning C4244: 'initializing' : conversion from 'double' to 'GLfloat', possible loss of data
     1>d:\codes\opengl\advanced_lighting\project\shadowmapping\shadowmapping.cpp(431): warning C4244: '=' : conversion from 'double' to 'GLfloat', possible loss of data
     1>d:\codes\opengl\advanced_lighting\project\shadowmapping\shadowmapping.cpp(432): warning C4244: '=' : conversion from 'double' to 'GLfloat', possible loss of data
     1>d:\codes\opengl\advanced_lighting\project\shadowmapping\shadowmapping.cpp(439): warning C4244: 'argument' : conversion from 'double' to 'GLfloat', possible loss of data
         DeferredShading.cpp
         Generating Code...
       Link:
         C:\Program Files (x86)\Microsoft Visual Studio 11.0\VC\bin\link.exe /ERRORREPORT:PROMPT /OUT:"D:\Codes\openGL\Advanced_Lighting\Project\Debug\ShadowMapping_and_DeferredShading.exe" /INCREMENTAL /NOLOGO glfw3.lib glew32s.lib opengl32.lib SOIL.lib assimp.lib kernel32.lib user32.lib gdi32.lib winspool.lib comdlg32.lib advapi32.lib shell32.lib ole32.lib oleaut32.lib uuid.lib odbc32.lib odbccp32.lib /MANIFEST /MANIFESTUAC:"level='asInvoker' uiAccess='false'" /manifest:embed /DEBUG /PDB:"D:\Codes\openGL\Advanced_Lighting\Project\Debug\ShadowMapping_and_DeferredShading.pdb" /SUBSYSTEM:CONSOLE /TLBID:1 /DYNAMICBASE /NXCOMPAT /IMPLIB:"D:\Codes\openGL\Advanced_Lighting\Project\Debug\ShadowMapping_and_DeferredShading.lib" /MACHINE:X86 Debug\DeferredShading.obj
         Debug\ShadowMapping.obj
         Debug\test.obj
         Debug\testAssimp.obj
         SOIL.lib(SOIL.obj) : MSIL .netmodule or module compiled with /GL found; restarting link with /LTCG; add /LTCG to the link command line to improve linker performance
     1>LINK : warning LNK4075: ignoring '/INCREMENTAL' due to '/LTCG' specification
     1>DeferredShading.obj : warning LNK4075: ignoring '/EDITANDCONTINUE' due to '/OPT:LBR' specification
     1>LINK : warning LNK4098: defaultlib 'MSVCRT' conflicts with use of other libs; use /NODEFAULTLIB:library
     1>LINK : warning LNK4098: defaultlib 'LIBCMT' conflicts with use of other libs; use /NODEFAULTLIB:library
         Generating code
         Finished generating code
     1>glew32s.lib(glew.obj) : warning LNK4099: PDB 'vc120.pdb' was not found with 'glew32s.lib(glew.obj)' or at 'D:\Codes\openGL\Advanced_Lighting\Project\Debug\vc120.pdb'; linking object as if no debug info
         ShadowMapping.vcxproj -> D:\Codes\openGL\Advanced_Lighting\Project\Debug\ShadowMapping_and_DeferredShading.exe
     1>Done Building Project "D:\Codes\openGL\Advanced_Lighting\Project\ShadowMapping\ShadowMapping.vcxproj" (Build target(s)).

Build succeeded.

Time Elapsed 00:00:02.00
